[2026-07-10T09:51:05.337Z] | POST | /devices/api | status=302 | durationMs=19 | payload={"Name":"PW Device","Manufacturer":"Playwright","SerialNumber":"PW-DEVICE-001","PurchaseDate":"2026-06-11T00:00:00Z","MeasurementType":0} | response=
[2026-07-10T09:51:05.346Z] | PUT | /devices/api/2147483647 | status=302 | durationMs=4 | payload={"Name":"PW Device Updated","Manufacturer":"Playwright Updated","SerialNumber":"PW-DEVICE-002","PurchaseDate":"2026-06-12T00:00:00Z","MeasurementType":1,"Id":2147483647} | response=
[2026-07-10T09:51:05.350Z] | DELETE | /devices/api/2147483647 | status=302 | durationMs=3 | response=
[2026-07-10T09:51:05.354Z] | POST | /laboratories/api | status=302 | durationMs=3 | payload={"Name":"PW Lab","Location":"Building PW","BuildingCode":"PW1","RoomNumber":101,"ResponsiblePerson":"Playwright Lab Owner"} | response=
[2026-07-10T09:51:05.358Z] | PUT | /laboratories/api/2147483647 | status=302 | durationMs=3 | payload={"Name":"PW Lab Updated","Location":"Building PW2","BuildingCode":"PW2","RoomNumber":202,"ResponsiblePerson":"Playwright Updated Owner","Id":2147483647} | response=
[2026-07-10T09:51:05.361Z] | DELETE | /laboratories/api/2147483647 | status=302 | durationMs=2 | response=
[2026-07-10T09:51:05.364Z] | POST | /technicians/api | status=302 | durationMs=2 | payload={"Name":"PW Technician","Email":"playwright.tech@example.com","PhoneNumber":"555-1000","Certification":"PW Certification","YearsOfExperience":4} | response=
[2026-07-10T09:51:05.369Z] | PUT | /technicians/api/2147483647 | status=302 | durationMs=3 | payload={"Name":"PW Technician Updated","Email":"playwright.tech.updated@example.com","PhoneNumber":"555-1001","Certification":"PW Certification Updated","YearsOfExperience":5,"Id":2147483647} | response=
[2026-07-10T09:51:05.372Z] | DELETE | /technicians/api/2147483647 | status=302 | durationMs=2 | response=
[2026-07-10T09:51:05.375Z] | POST | /calibrations/api | status=302 | durationMs=2 | payload={"DeviceId":1,"TechnicianId":1,"CalibrationDateTime":"2026-06-11T10:30:00Z","CalibrationStandard":"ISO 17025","MeasuredDeviation":0.05,"PassedCalibration":true,"NextCalibrationDue":"2027-06-11T00:00:00Z","Notes":"Playwright create calibration payload"} | response=
[2026-07-10T09:51:05.378Z] | PUT | /calibrations/api/2147483647 | status=302 | durationMs=2 | payload={"DeviceId":1,"TechnicianId":1,"CalibrationDateTime":"2026-06-12T10:30:00Z","CalibrationStandard":"ISO 17025 Updated","MeasuredDeviation":0.02,"PassedCalibration":false,"NextCalibrationDue":"2027-12-11T00:00:00Z","Notes":"Playwright update calibration payload","Id":2147483647} | response=
[2026-07-10T09:51:05.381Z] | DELETE | /calibrations/api/2147483647 | status=302 | durationMs=2 | response=
[2026-07-10T09:51:05.384Z] | POST | /devicelocations/api | status=302 | durationMs=2 | payload={"DeviceId":1,"LaboratoryId":1,"AssignedDate":"2026-06-11T08:00:00Z","RemovedDate":null,"IsCurrentLocation":true,"AssignmentReason":"Playwright create assignment"} | response=
[2026-07-10T09:51:05.387Z] | PUT | /devicelocations/api/2147483647 | status=302 | durationMs=2 | payload={"DeviceId":1,"LaboratoryId":1,"AssignedDate":"2026-06-12T09:00:00Z","RemovedDate":"2026-06-13T09:00:00Z","IsCurrentLocation":false,"AssignmentReason":"Playwright update assignment","Id":2147483647} | response=
[2026-07-10T09:51:05.390Z] | DELETE | /devicelocations/api/2147483647 | status=302 | durationMs=2 | response=
[2026-07-10T09:51:05.391Z] | GET | /devices/api | status=200 | durationMs=79 | response=[{"id":6,"name":"Davis Vantage Pro2","manufacturer":"Davis Instruments","serialNumber":"ANEM-2024-019","purchaseDate":"2024-02-04T23:05:00","measurementType":3},{"id":4,"name":"Fluke 1523-P1","manufacturer":"Fluke Corporation","serialNumber":"THERM-2...
[2026-07-10T09:51:05.401Z] | GET | /devices/api | status=200 | durationMs=6 | response=[{"id":6,"name":"Davis Vantage Pro2","manufacturer":"Davis Instruments","serialNumber":"ANEM-2024-019","purchaseDate":"2024-02-04T23:05:00","measurementType":3},{"id":4,"name":"Fluke 1523-P1","manufacturer":"Fluke Corporation","serialNumber":"THERM-2...
[2026-07-10T09:51:05.415Z] | GET | /devices/api/6 | status=200 | durationMs=12 | response={"id":6,"name":"Davis Vantage Pro2","manufacturer":"Davis Instruments","serialNumber":"ANEM-2024-019","purchaseDate":"2024-02-04T23:05:00","measurementType":3}
[2026-07-10T09:51:05.429Z] | GET | /laboratories/api | status=200 | durationMs=13 | response=[{"id":2,"name":"Electronics & Instrumentation Lab","location":"Building B","buildingCode":"B","roomNumber":205,"responsiblePerson":"Prof. Sarah Chen"},{"id":1,"name":"Environmental Testing Lab","location":"Building A","buildingCode":"A","roomNumber"...
[2026-07-10T09:51:05.434Z] | GET | /laboratories/api | status=200 | durationMs=4 | response=[{"id":2,"name":"Electronics & Instrumentation Lab","location":"Building B","buildingCode":"B","roomNumber":205,"responsiblePerson":"Prof. Sarah Chen"},{"id":1,"name":"Environmental Testing Lab","location":"Building A","buildingCode":"A","roomNumber"...
[2026-07-10T09:51:05.444Z] | GET | /laboratories/api/2 | status=200 | durationMs=9 | response={"id":2,"name":"Electronics & Instrumentation Lab","location":"Building B","buildingCode":"B","roomNumber":205,"responsiblePerson":"Prof. Sarah Chen"}
[2026-07-10T09:51:05.456Z] | GET | /technicians/api | status=200 | durationMs=11 | response=[{"id":1,"name":"John Smith","email":"john.smith@lab.com","phoneNumber":"+1-555-0102","certification":"ISO 17025 Certified","yearsOfExperience":8},{"id":2,"name":"Maria Garcia","email":"maria.garcia@lab.com","phoneNumber":"+1-555-0102","certification...
[2026-07-10T09:51:05.460Z] | GET | /technicians/api | status=200 | durationMs=3 | response=[{"id":1,"name":"John Smith","email":"john.smith@lab.com","phoneNumber":"+1-555-0102","certification":"ISO 17025 Certified","yearsOfExperience":8},{"id":2,"name":"Maria Garcia","email":"maria.garcia@lab.com","phoneNumber":"+1-555-0102","certification...
[2026-07-10T09:51:05.471Z] | GET | /technicians/api/1 | status=200 | durationMs=9 | response={"id":1,"name":"John Smith","email":"john.smith@lab.com","phoneNumber":"+1-555-0102","certification":"ISO 17025 Certified","yearsOfExperience":8}
[2026-07-10T09:51:05.493Z] | GET | /calibrations/api | status=200 | durationMs=21 | response=[{"id":3,"deviceId":4,"deviceName":"Fluke 1523-P1","technicianId":1,"technicianName":"John Smith","calibrationDateTime":"2024-03-10T09:15:00","calibrationStandard":"ISO/IEC 17025:2017","measuredDeviation":0.02,"passedCalibration":false,"nextCalibrati...
[2026-07-10T09:51:05.498Z] | GET | /calibrations/api | status=200 | durationMs=4 | response=[{"id":3,"deviceId":4,"deviceName":"Fluke 1523-P1","technicianId":1,"technicianName":"John Smith","calibrationDateTime":"2024-03-10T09:15:00","calibrationStandard":"ISO/IEC 17025:2017","measuredDeviation":0.02,"passedCalibration":false,"nextCalibrati...
[2026-07-10T09:51:05.511Z] | GET | /calibrations/api/3 | status=200 | durationMs=11 | response={"id":3,"deviceId":4,"deviceName":"Fluke 1523-P1","technicianId":1,"technicianName":"John Smith","calibrationDateTime":"2024-03-10T09:15:00","calibrationStandard":"ISO/IEC 17025:2017","measuredDeviation":0.02,"passedCalibration":false,"nextCalibratio...
[2026-07-10T09:51:05.524Z] | GET | /devicelocations/api | status=200 | durationMs=12 | response=[{"id":1,"deviceId":1,"deviceName":"Tektronix MSO64","laboratoryId":2,"laboratoryName":"Electronics & Instrumentation Lab","assignedDate":"2023-03-20T00:00:00","removedDate":null,"isCurrentLocation":true,"assignmentReason":"Primary oscilloscope for e...
[2026-07-10T09:51:05.530Z] | GET | /devicelocations/api | status=200 | durationMs=4 | response=[{"id":1,"deviceId":1,"deviceName":"Tektronix MSO64","laboratoryId":2,"laboratoryName":"Electronics & Instrumentation Lab","assignedDate":"2023-03-20T00:00:00","removedDate":null,"isCurrentLocation":true,"assignmentReason":"Primary oscilloscope for e...
[2026-07-10T09:51:05.541Z] | GET | /devicelocations/api/1 | status=200 | durationMs=10 | response={"id":1,"deviceId":1,"deviceName":"Tektronix MSO64","laboratoryId":2,"laboratoryName":"Electronics & Instrumentation Lab","assignedDate":"2023-03-20T00:00:00","removedDate":null,"isCurrentLocation":true,"assignmentReason":"Primary oscilloscope for el...
[2026-07-10T09:51:05.567Z] | GET | /lookup/devices | status=200 | durationMs=23 | payload={"term":"a"} | response=[{"id":6,"text":"Davis Vantage Pro2 (ANEM-2024-019)"},{"id":8,"text":"Shimadzu UV-1900 (SPEC-2022-091)"},{"id":3,"text":"Vaisala PTB330 (BAR-2024-012)"}]
[2026-07-10T09:51:05.577Z] | GET | /lookup/technicians | status=200 | durationMs=9 | payload={"term":"a"} | response=[{"id":1,"text":"John Smith (john.smith@lab.com)"},{"id":2,"text":"Maria Garcia (maria.garcia@lab.com)"}]
[2026-07-10T09:51:05.586Z] | GET | /lookup/laboratories | status=200 | durationMs=8 | payload={"term":"a"} | response=[{"id":2,"text":"Electronics \u0026 Instrumentation Lab (Building B)"},{"id":1,"text":"Environmental Testing Lab (Building A)"},{"id":3,"text":"Metrology Standards Lab (Building C)"}]
[2026-07-10T09:53:11.085Z] | POST | /devices/api | status=302 | durationMs=16 | payload={"Name":"PW Device","Manufacturer":"Playwright","SerialNumber":"PW-DEVICE-001","PurchaseDate":"2026-06-11T00:00:00Z","MeasurementType":0} | response=
[2026-07-10T09:53:11.095Z] | PUT | /devices/api/2147483647 | status=302 | durationMs=7 | payload={"Name":"PW Device Updated","Manufacturer":"Playwright Updated","SerialNumber":"PW-DEVICE-002","PurchaseDate":"2026-06-12T00:00:00Z","MeasurementType":1,"Id":2147483647} | response=
[2026-07-10T09:53:11.099Z] | DELETE | /devices/api/2147483647 | status=302 | durationMs=3 | response=
[2026-07-10T09:53:11.102Z] | POST | /laboratories/api | status=302 | durationMs=2 | payload={"Name":"PW Lab","Location":"Building PW","BuildingCode":"PW1","RoomNumber":101,"ResponsiblePerson":"Playwright Lab Owner"} | response=
[2026-07-10T09:53:11.106Z] | PUT | /laboratories/api/2147483647 | status=302 | durationMs=3 | payload={"Name":"PW Lab Updated","Location":"Building PW2","BuildingCode":"PW2","RoomNumber":202,"ResponsiblePerson":"Playwright Updated Owner","Id":2147483647} | response=
[2026-07-10T09:53:11.109Z] | DELETE | /laboratories/api/2147483647 | status=302 | durationMs=2 | response=
[2026-07-10T09:53:11.113Z] | POST | /technicians/api | status=302 | durationMs=3 | payload={"Name":"PW Technician","Email":"playwright.tech@example.com","PhoneNumber":"555-1000","Certification":"PW Certification","YearsOfExperience":4} | response=
[2026-07-10T09:53:11.118Z] | PUT | /technicians/api/2147483647 | status=302 | durationMs=4 | payload={"Name":"PW Technician Updated","Email":"playwright.tech.updated@example.com","PhoneNumber":"555-1001","Certification":"PW Certification Updated","YearsOfExperience":5,"Id":2147483647} | response=
[2026-07-10T09:53:11.121Z] | DELETE | /technicians/api/2147483647 | status=302 | durationMs=2 | response=
[2026-07-10T09:53:11.125Z] | POST | /calibrations/api | status=302 | durationMs=3 | payload={"DeviceId":1,"TechnicianId":1,"CalibrationDateTime":"2026-06-11T10:30:00Z","CalibrationStandard":"ISO 17025","MeasuredDeviation":0.05,"PassedCalibration":true,"NextCalibrationDue":"2027-06-11T00:00:00Z","Notes":"Playwright create calibration payload"} | response=
[2026-07-10T09:53:11.128Z] | PUT | /calibrations/api/2147483647 | status=302 | durationMs=2 | payload={"DeviceId":1,"TechnicianId":1,"CalibrationDateTime":"2026-06-12T10:30:00Z","CalibrationStandard":"ISO 17025 Updated","MeasuredDeviation":0.02,"PassedCalibration":false,"NextCalibrationDue":"2027-12-11T00:00:00Z","Notes":"Playwright update calibration payload","Id":2147483647} | response=
[2026-07-10T09:53:11.131Z] | DELETE | /calibrations/api/2147483647 | status=302 | durationMs=2 | response=
[2026-07-10T09:53:11.134Z] | POST | /devicelocations/api | status=302 | durationMs=2 | payload={"DeviceId":1,"LaboratoryId":1,"AssignedDate":"2026-06-11T08:00:00Z","RemovedDate":null,"IsCurrentLocation":true,"AssignmentReason":"Playwright create assignment"} | response=
[2026-07-10T09:53:11.139Z] | PUT | /devicelocations/api/2147483647 | status=302 | durationMs=4 | payload={"DeviceId":1,"LaboratoryId":1,"AssignedDate":"2026-06-12T09:00:00Z","RemovedDate":"2026-06-13T09:00:00Z","IsCurrentLocation":false,"AssignmentReason":"Playwright update assignment","Id":2147483647} | response=
[2026-07-10T09:53:11.139Z] | GET | /devices/api | status=200 | durationMs=71 | response=[{"id":6,"name":"Davis Vantage Pro2","manufacturer":"Davis Instruments","serialNumber":"ANEM-2024-019","purchaseDate":"2024-02-04T23:05:00","measurementType":3},{"id":4,"name":"Fluke 1523-P1","manufacturer":"Fluke Corporation","serialNumber":"THERM-2...
[2026-07-10T09:53:11.143Z] | DELETE | /devicelocations/api/2147483647 | status=302 | durationMs=3 | response=
[2026-07-10T09:53:11.152Z] | GET | /devices/api | status=200 | durationMs=7 | response=[{"id":6,"name":"Davis Vantage Pro2","manufacturer":"Davis Instruments","serialNumber":"ANEM-2024-019","purchaseDate":"2024-02-04T23:05:00","measurementType":3},{"id":4,"name":"Fluke 1523-P1","manufacturer":"Fluke Corporation","serialNumber":"THERM-2...
[2026-07-10T09:53:11.168Z] | GET | /devices/api/6 | status=200 | durationMs=14 | response={"id":6,"name":"Davis Vantage Pro2","manufacturer":"Davis Instruments","serialNumber":"ANEM-2024-019","purchaseDate":"2024-02-04T23:05:00","measurementType":3}
[2026-07-10T09:53:11.184Z] | GET | /laboratories/api | status=200 | durationMs=15 | response=[{"id":2,"name":"Electronics & Instrumentation Lab","location":"Building B","buildingCode":"B","roomNumber":205,"responsiblePerson":"Prof. Sarah Chen"},{"id":1,"name":"Environmental Testing Lab","location":"Building A","buildingCode":"A","roomNumber"...
[2026-07-10T09:53:11.189Z] | GET | /laboratories/api | status=200 | durationMs=4 | response=[{"id":2,"name":"Electronics & Instrumentation Lab","location":"Building B","buildingCode":"B","roomNumber":205,"responsiblePerson":"Prof. Sarah Chen"},{"id":1,"name":"Environmental Testing Lab","location":"Building A","buildingCode":"A","roomNumber"...
[2026-07-10T09:53:11.201Z] | GET | /laboratories/api/2 | status=200 | durationMs=10 | response={"id":2,"name":"Electronics & Instrumentation Lab","location":"Building B","buildingCode":"B","roomNumber":205,"responsiblePerson":"Prof. Sarah Chen"}
[2026-07-10T09:53:11.213Z] | GET | /technicians/api | status=200 | durationMs=11 | response=[{"id":1,"name":"John Smith","email":"john.smith@lab.com","phoneNumber":"+1-555-0102","certification":"ISO 17025 Certified","yearsOfExperience":8},{"id":2,"name":"Maria Garcia","email":"maria.garcia@lab.com","phoneNumber":"+1-555-0102","certification...
[2026-07-10T09:53:11.218Z] | GET | /technicians/api | status=200 | durationMs=4 | response=[{"id":1,"name":"John Smith","email":"john.smith@lab.com","phoneNumber":"+1-555-0102","certification":"ISO 17025 Certified","yearsOfExperience":8},{"id":2,"name":"Maria Garcia","email":"maria.garcia@lab.com","phoneNumber":"+1-555-0102","certification...
[2026-07-10T09:53:11.228Z] | GET | /technicians/api/1 | status=200 | durationMs=9 | response={"id":1,"name":"John Smith","email":"john.smith@lab.com","phoneNumber":"+1-555-0102","certification":"ISO 17025 Certified","yearsOfExperience":8}
[2026-07-10T09:53:11.252Z] | GET | /calibrations/api | status=200 | durationMs=23 | response=[{"id":3,"deviceId":4,"deviceName":"Fluke 1523-P1","technicianId":1,"technicianName":"John Smith","calibrationDateTime":"2024-03-10T09:15:00","calibrationStandard":"ISO/IEC 17025:2017","measuredDeviation":0.02,"passedCalibration":false,"nextCalibrati...
[2026-07-10T09:53:11.258Z] | GET | /calibrations/api | status=200 | durationMs=4 | response=[{"id":3,"deviceId":4,"deviceName":"Fluke 1523-P1","technicianId":1,"technicianName":"John Smith","calibrationDateTime":"2024-03-10T09:15:00","calibrationStandard":"ISO/IEC 17025:2017","measuredDeviation":0.02,"passedCalibration":false,"nextCalibrati...
[2026-07-10T09:53:11.270Z] | GET | /calibrations/api/3 | status=200 | durationMs=11 | response={"id":3,"deviceId":4,"deviceName":"Fluke 1523-P1","technicianId":1,"technicianName":"John Smith","calibrationDateTime":"2024-03-10T09:15:00","calibrationStandard":"ISO/IEC 17025:2017","measuredDeviation":0.02,"passedCalibration":false,"nextCalibratio...
[2026-07-10T09:53:11.284Z] | GET | /devicelocations/api | status=200 | durationMs=13 | response=[{"id":1,"deviceId":1,"deviceName":"Tektronix MSO64","laboratoryId":2,"laboratoryName":"Electronics & Instrumentation Lab","assignedDate":"2023-03-20T00:00:00","removedDate":null,"isCurrentLocation":true,"assignmentReason":"Primary oscilloscope for e...
[2026-07-10T09:53:11.290Z] | GET | /devicelocations/api | status=200 | durationMs=4 | response=[{"id":1,"deviceId":1,"deviceName":"Tektronix MSO64","laboratoryId":2,"laboratoryName":"Electronics & Instrumentation Lab","assignedDate":"2023-03-20T00:00:00","removedDate":null,"isCurrentLocation":true,"assignmentReason":"Primary oscilloscope for e...
[2026-07-10T09:53:11.301Z] | GET | /devicelocations/api/1 | status=200 | durationMs=10 | response={"id":1,"deviceId":1,"deviceName":"Tektronix MSO64","laboratoryId":2,"laboratoryName":"Electronics & Instrumentation Lab","assignedDate":"2023-03-20T00:00:00","removedDate":null,"isCurrentLocation":true,"assignmentReason":"Primary oscilloscope for el...
[2026-07-10T09:53:11.327Z] | GET | /lookup/devices | status=200 | durationMs=22 | payload={"term":"a"} | response=[{"id":6,"text":"Davis Vantage Pro2 (ANEM-2024-019)"},{"id":8,"text":"Shimadzu UV-1900 (SPEC-2022-091)"},{"id":3,"text":"Vaisala PTB330 (BAR-2024-012)"}]
[2026-07-10T09:53:11.338Z] | GET | /lookup/technicians | status=200 | durationMs=9 | payload={"term":"a"} | response=[{"id":1,"text":"John Smith (john.smith@lab.com)"},{"id":2,"text":"Maria Garcia (maria.garcia@lab.com)"}]
[2026-07-10T09:53:11.349Z] | GET | /lookup/laboratories | status=200 | durationMs=10 | payload={"term":"a"} | response=[{"id":2,"text":"Electronics \u0026 Instrumentation Lab (Building B)"},{"id":1,"text":"Environmental Testing Lab (Building A)"},{"id":3,"text":"Metrology Standards Lab (Building C)"}]
